<?xml version="1.0" encoding="UTF-8"?>
<!-- Generated by org.testng.reporters.JUnitReportReporter -->
<testsuite hostname="ALEXIS-PC" failures="0" tests="1" name="tests.LoginTest_TestNG" time="5.885" errors="0" timestamp="2023-05-22T14:21:29 CST" skipped="0">
  <testcase classname="tests.LoginTest_TestNG" name="test1" time="5.885"/>
  <system-out/>
</testsuite> <!-- tests.LoginTest_TestNG -->
